<?xml version="1.0" encoding="UTF-8"?>
<!-- Generated by org.testng.reporters.JUnitXMLReporter -->
<testsuite hostname="Balu" ignored="2" name="Regression" tests="14" failures="4" timestamp="19 Dec 2019 22:13:43 GMT" time="0.545" errors="0">
  <testcase name="m1" time="0.0" classname="test.Test1">
    <failure type="org.testng.TestNGException" message="
Parameter &amp;apos;URL&amp;apos; is required by @Test on method m1 but has not been marked @Optional or defined
in C:\Users\Talaneru\eclipse-workspace\TestNG_Tutorials\testng3.xml">
      <![CDATA[org.testng.TestNGException: 
Parameter 'URL' is required by @Test on method m1 but has not been marked @Optional or defined
in C:\Users\Talaneru\eclipse-workspace\TestNG_Tutorials\testng3.xml
... Removed 24 stack frames]]>
    </failure>
  </testcase> <!-- m1 -->
  <testcase name="m2" time="0.022" classname="test.Test1">
    <failure type="java.lang.AssertionError" message="expected [true] but found [false]">
      <![CDATA[java.lang.AssertionError: expected [true] but found [false]
at test.Test1.m2(Test1.java:23)
... Removed 29 stack frames]]>
    </failure>
  </testcase> <!-- m2 -->
  <testcase name="m3" time="0.006" classname="test.Test1"/>
  <testcase name="m3" time="0.007" classname="test.Test1"/>
  <testcase name="m3" time="0.006" classname="test.Test1"/>
  <testcase name="MobileloginAPICar" time="0.007" classname="test.Test2"/>
  <testcase name="MobileloginwebCar" time="0.0" classname="test.Test2">
    <failure type="org.testng.TestNGException" message="
Parameter &amp;apos;URL&amp;apos; is required by @Test on method MobileloginwebCar but has not been marked @Optional or defined
in C:\Users\Talaneru\eclipse-workspace\TestNG_Tutorials\testng3.xml">
      <![CDATA[org.testng.TestNGException: 
Parameter 'URL' is required by @Test on method MobileloginwebCar but has not been marked @Optional or defined
in C:\Users\Talaneru\eclipse-workspace\TestNG_Tutorials\testng3.xml
... Removed 24 stack frames]]>
    </failure>
  </testcase> <!-- MobileloginwebCar -->
  <testcase name="loginAPICarsignup" time="0.005" classname="test.Test2"/>
  <testcase name="loginwebHome" time="0.0" classname="test.Test3">
    <failure type="org.testng.TestNGException" message="
Parameter &amp;apos;URL&amp;apos; is required by @Test on method loginwebHome but has not been marked @Optional or defined
in C:\Users\Talaneru\eclipse-workspace\TestNG_Tutorials\testng3.xml">
      <![CDATA[org.testng.TestNGException: 
Parameter 'URL' is required by @Test on method loginwebHome but has not been marked @Optional or defined
in C:\Users\Talaneru\eclipse-workspace\TestNG_Tutorials\testng3.xml
... Removed 24 stack frames]]>
    </failure>
  </testcase> <!-- loginwebHome -->
  <testcase name="loginIpadHome" time="0.048" classname="test.Test3"/>
  <testcase name="loginMobHome" time="0.01" classname="test.Test3"/>
  <testcase name="loginMobHome" time="0.018" classname="test.Test3"/>
  <testcase name="loginMobHome" time="0.039" classname="test.Test3"/>
  <testcase name="loginAPIHome" time="0.0" classname="test.Test3">
    <skipped/>
  </testcase> <!-- loginAPIHome -->
  <testcase name="MobileloginmobCar" time="0.0" classname="test.Test2">
    <ignored/>
  </testcase> <!-- MobileloginmobCar -->
  <testcase name="mn" time="0.0" classname="test.Test4">
    <ignored/>
  </testcase> <!-- mn -->
</testsuite> <!-- Regression -->
